#
# There is insufficient memory for the Java Runtime Environment to continue.
# Native memory allocation (mmap) failed to map 266338304 bytes for G1 virtual space
# Possible reasons:
#   The system is out of physical RAM or swap space
#   The process is running with CompressedOops enabled, and the Java Heap may be blocking the growth of the native heap
# Possible solutions:
#   Reduce memory load on the system
#   Increase physical memory or swap space
#   Check if swap backing store is full
#   Decrease Java heap size (-Xmx/-Xms)
#   Decrease number of Java threads
#   Decrease Java thread stack sizes (-Xss)
#   Set larger code cache with -XX:ReservedCodeCacheSize=
#   JVM is running with Zero Based Compressed Oops mode in which the Java heap is
#     placed in the first 32GB address space. The Java Heap base address is the
#     maximum limit for the native heap growth. Please use -XX:HeapBaseMinAddress
#     to set the Java Heap base and to place the Java Heap above 32GB virtual address.
# This output file may be truncated or incomplete.
#
#  Out of Memory Error (os_windows.cpp:3469), pid=28168, tid=7048
#
# JRE version:  (17.0+35) (build )
# Java VM: OpenJDK 64-Bit Server VM (17+35-2724, mixed mode, emulated-client, sharing, tiered, compressed oops, compressed class ptrs, g1 gc, windows-amd64)
# No core dump will be written. Minidumps are not enabled by default on client versions of Windows
#

---------------  S U M M A R Y ------------

Command Line: -Dcom.sun.management.jmxremote -Dcom.sun.management.jmxremote.port=60965 -Dcom.sun.management.jmxremote.authenticate=false -Dcom.sun.management.jmxremote.ssl=false -Djava.rmi.server.hostname=localhost -Dspring.jmx.enabled=true -Dspring.application.admin.enabled=true -XX:TieredStopAtLevel=1 -Dspring.boot.project.name=devs4j-twitter-timeline-user -Dfile.encoding=UTF-8 -XX:+ShowCodeDetailsInExceptionMessages com.devs4j.twitter.timeline.user.Devs4jTwitterTimelineUserApplication --spring.output.ansi.enabled=always

Host: Intel(R) Core(TM) i5-8350U CPU @ 1.70GHz, 8 cores, 15G,  Windows 10 , 64 bit Build 19041 (10.0.19041.2364)
Time: Mon Jan  9 18:44:41 2023 Hora estándar romance elapsed time: 0.043076 seconds (0d 0h 0m 0s)

---------------  T H R E A D  ---------------

Current thread (0x0000029c2b566f70):  JavaThread "Unknown thread" [_thread_in_vm, id=7048, stack(0x000000e048700000,0x000000e048800000)]

Stack: [0x000000e048700000,0x000000e048800000]
Native frames: (J=compiled Java code, j=interpreted, Vv=VM code, C=native code)
V  [jvm.dll+0x66f8ea]
V  [jvm.dll+0x7ce224]
V  [jvm.dll+0x7cf9ce]
V  [jvm.dll+0x7d0033]
V  [jvm.dll+0x242bb5]
V  [jvm.dll+0x66c909]
V  [jvm.dll+0x6613d2]
V  [jvm.dll+0x30082b]
V  [jvm.dll+0x307db6]
V  [jvm.dll+0x357a0e]
V  [jvm.dll+0x357c3f]
V  [jvm.dll+0x2d7ae8]
V  [jvm.dll+0x2d8a54]
V  [jvm.dll+0x7a00a1]
V  [jvm.dll+0x365781]
V  [jvm.dll+0x77f59c]
V  [jvm.dll+0x3e805f]
V  [jvm.dll+0x3e9b01]
C  [jli.dll+0x527b]
C  [ucrtbase.dll+0x21bb2]
C  [KERNEL32.DLL+0x17614]
C  [ntdll.dll+0x526a1]


---------------  P R O C E S S  ---------------

Threads class SMR info:
_java_thread_list=0x00007ffdb6ac7818, length=0, elements={
}

Java Threads: ( => current thread )

Other Threads:
  0x0000029c35df0bd0 GCTaskThread "GC Thread#0" [stack: 0x000000e048800000,0x000000e048900000] [id=38568]
  0x0000029c2b59d8b0 ConcurrentGCThread "G1 Main Marker" [stack: 0x000000e048900000,0x000000e048a00000] [id=38076]
  0x0000029c2b59e280 ConcurrentGCThread "G1 Conc#0" [stack: 0x000000e048a00000,0x000000e048b00000] [id=24816]

[error occurred during error reporting (printing all threads), id 0xc0000005, EXCEPTION_ACCESS_VIOLATION (0xc0000005) at pc=0x00007ffdb63184c7]

VM state: not at safepoint (not fully initialized)

VM Mutex/Monitor currently owned by a thread:  ([mutex/lock_event])
[0x0000029c2b563730] Heap_lock - owner thread: 0x0000029c2b566f70

Heap address: 0x0000000702600000, size: 4058 MB, Compressed Oops mode: Zero based, Oop shift amount: 3

CDS archive(s) mapped at: [0x0000000000000000-0x0000000000000000-0x0000000000000000), size 0, SharedBaseAddress: 0x0000000800000000, ArchiveRelocationMode: 0.
Narrow klass base: 0x0000000000000000, Narrow klass shift: 0, Narrow klass range: 0x0

GC Precious Log:
<Empty>

Heap:
 garbage-first heap   total 0K, used 0K [0x0000000702600000, 0x0000000800000000)
  region size 2048K, 0 young (0K), 0 survivors (0K)

[error occurred during error reporting (printing heap information), id 0xc0000005, EXCEPTION_ACCESS_VIOLATION (0xc0000005) at pc=0x00007ffdb66f8c59]

GC Heap History (0 events):
No events

Deoptimization events (0 events):
No events

Classes unloaded (0 events):
No events

Classes redefined (0 events):
No events

Internal exceptions (0 events):
No events

VM Operations (0 events):
No events

Events (1 events):
Event: 0.033 Loaded shared library D:\Program Files\Java\jdk-17\bin\java.dll


Dynamic libraries:
0x00007ff714140000 - 0x00007ff71414e000 	D:\Program Files\Java\jdk-17\bin\javaw.exe
0x00007ffe339d0000 - 0x00007ffe33bc8000 	C:\WINDOWS\SYSTEM32\ntdll.dll
0x00007ffe331d0000 - 0x00007ffe3328f000 	C:\WINDOWS\System32\KERNEL32.DLL
0x00007ffe31460000 - 0x00007ffe31732000 	C:\WINDOWS\System32\KERNELBASE.dll
0x00007ffe31850000 - 0x00007ffe31950000 	C:\WINDOWS\System32\ucrtbase.dll
0x00007ffe079b0000 - 0x00007ffe079ca000 	D:\Program Files\Java\jdk-17\bin\VCRUNTIME140.dll
0x00007ffe1cfc0000 - 0x00007ffe1cfd8000 	D:\Program Files\Java\jdk-17\bin\jli.dll
0x00007ffe32130000 - 0x00007ffe322d1000 	C:\WINDOWS\System32\USER32.dll
0x00007ffe31430000 - 0x00007ffe31452000 	C:\WINDOWS\System32\win32u.dll
0x00007ffe32c90000 - 0x00007ffe32cbb000 	C:\WINDOWS\System32\GDI32.dll
0x00007ffe310c0000 - 0x00007ffe311cf000 	C:\WINDOWS\System32\gdi32full.dll
0x00007ffe317b0000 - 0x00007ffe3184d000 	C:\WINDOWS\System32\msvcp_win.dll
0x00007ffe1f140000 - 0x00007ffe1f3da000 	C:\WINDOWS\WinSxS\amd64_microsoft.windows.common-controls_6595b64144ccf1df_6.0.19041.1110_none_60b5254171f9507e\COMCTL32.dll
0x00007ffe33860000 - 0x00007ffe338fe000 	C:\WINDOWS\System32\msvcrt.dll
0x00007ffe32da0000 - 0x00007ffe32dd2000 	C:\WINDOWS\System32\IMM32.DLL
0x00007ffe23270000 - 0x00007ffe233ce000 	C:\WINDOWS\system32\tmumh\20019\AddOn\8.55.0.1099\TmUmEvt64.dll
0x00007ffe32cc0000 - 0x00007ffe32cc8000 	C:\WINDOWS\System32\PSAPI.DLL
0x00007ffe32490000 - 0x00007ffe3253e000 	C:\WINDOWS\System32\ADVAPI32.dll
0x00007ffe32340000 - 0x00007ffe323dc000 	C:\WINDOWS\System32\sechost.dll
0x00007ffe33650000 - 0x00007ffe33775000 	C:\WINDOWS\System32\RPCRT4.dll
0x0000000065670000 - 0x00000000657df000 	C:\WINDOWS\system32\tmumh\20019\TmMon\2.9.0.1036\tmmon64.dll
0x00007ffe322e0000 - 0x00007ffe32335000 	C:\WINDOWS\System32\SHLWAPI.dll
0x00007ffdf9fd0000 - 0x00007ffdfa2fe000 	C:\WINDOWS\System32\TmLWE\TmUmSnsr64\1.0.0.1109\TmUmSnsr64.dll
0x00007ffe2fcf0000 - 0x00007ffe2fd02000 	C:\WINDOWS\SYSTEM32\kernel.appcore.dll
0x00007ffe1cfb0000 - 0x00007ffe1cfbc000 	D:\Program Files\Java\jdk-17\bin\vcruntime140_1.dll
0x00007ffde8190000 - 0x00007ffde821d000 	D:\Program Files\Java\jdk-17\bin\msvcp140.dll
0x00007ffdb6030000 - 0x00007ffdb6bee000 	D:\Program Files\Java\jdk-17\bin\server\jvm.dll
0x00007ffe1ae70000 - 0x00007ffe1ae79000 	C:\WINDOWS\SYSTEM32\WSOCK32.dll
0x00007ffe32d30000 - 0x00007ffe32d9b000 	C:\WINDOWS\System32\WS2_32.dll
0x00007ffe1e070000 - 0x00007ffe1e097000 	C:\WINDOWS\SYSTEM32\WINMM.dll
0x00007ffe2fd40000 - 0x00007ffe2fd4a000 	C:\WINDOWS\SYSTEM32\VERSION.dll
0x00007ffe27390000 - 0x00007ffe2739a000 	D:\Program Files\Java\jdk-17\bin\jimage.dll
0x00007ffe2ebd0000 - 0x00007ffe2edb4000 	C:\WINDOWS\SYSTEM32\DBGHELP.DLL
0x00007ffe23650000 - 0x00007ffe23685000 	C:\WINDOWS\SYSTEM32\dbgcore.DLL
0x00007ffe31980000 - 0x00007ffe31a02000 	C:\WINDOWS\System32\bcryptPrimitives.dll
0x00007ffdf72d0000 - 0x00007ffdf72f5000 	D:\Program Files\Java\jdk-17\bin\java.dll

dbghelp: loaded successfully - version: 4.0.5 - missing functions: none
symbol engine: initialized successfully - sym options: 0x614 - pdb path: .;D:\Program Files\Java\jdk-17\bin;C:\WINDOWS\SYSTEM32;C:\WINDOWS\WinSxS\amd64_microsoft.windows.common-controls_6595b64144ccf1df_6.0.19041.1110_none_60b5254171f9507e;C:\WINDOWS\system32\tmumh\20019\AddOn\8.55.0.1099;C:\WINDOWS\system32\tmumh\20019\TmMon\2.9.0.1036;C:\WINDOWS\System32\TmLWE\TmUmSnsr64\1.0.0.1109;D:\Program Files\Java\jdk-17\bin\server

VM Arguments:
jvm_args: -Dcom.sun.management.jmxremote -Dcom.sun.management.jmxremote.port=60965 -Dcom.sun.management.jmxremote.authenticate=false -Dcom.sun.management.jmxremote.ssl=false -Djava.rmi.server.hostname=localhost -Dspring.jmx.enabled=true -Dspring.application.admin.enabled=true -XX:TieredStopAtLevel=1 -Dspring.boot.project.name=devs4j-twitter-timeline-user -Dfile.encoding=UTF-8 -XX:+ShowCodeDetailsInExceptionMessages 
java_command: com.devs4j.twitter.timeline.user.Devs4jTwitterTimelineUserApplication --spring.output.ansi.enabled=always
java_class_path (initial): D:\Users\jcortada\eclipse-workspace\devs4j-twitter-timeline-user\target\classes;D:\Users\jcortada\.m2\repository\org\springframework\boot\spring-boot-starter-actuator\3.0.1\spring-boot-starter-actuator-3.0.1.jar;D:\Users\jcortada\.m2\repository\org\springframework\boot\spring-boot-starter\3.0.1\spring-boot-starter-3.0.1.jar;D:\Users\jcortada\.m2\repository\org\springframework\boot\spring-boot-starter-logging\3.0.1\spring-boot-starter-logging-3.0.1.jar;D:\Users\jcortada\.m2\repository\ch\qos\logback\logback-classic\1.4.5\logback-classic-1.4.5.jar;D:\Users\jcortada\.m2\repository\ch\qos\logback\logback-core\1.4.5\logback-core-1.4.5.jar;D:\Users\jcortada\.m2\repository\org\apache\logging\log4j\log4j-to-slf4j\2.19.0\log4j-to-slf4j-2.19.0.jar;D:\Users\jcortada\.m2\repository\org\apache\logging\log4j\log4j-api\2.19.0\log4j-api-2.19.0.jar;D:\Users\jcortada\.m2\repository\org\slf4j\jul-to-slf4j\2.0.6\jul-to-slf4j-2.0.6.jar;D:\Users\jcortada\.m2\repository\jakarta\annotation\jakarta.annotation-api\2.1.1\jakarta.annotation-api-2.1.1.jar;D:\Users\jcortada\.m2\repository\org\yaml\snakeyaml\1.33\snakeyaml-1.33.jar;D:\Users\jcortada\.m2\repository\org\springframework\boot\spring-boot-actuator-autoconfigure\3.0.1\spring-boot-actuator-autoconfigure-3.0.1.jar;D:\Users\jcortada\.m2\repository\org\springframework\boot\spring-boot-actuator\3.0.1\spring-boot-actuator-3.0.1.jar;D:\Users\jcortada\.m2\repository\com\fasterxml\jackson\core\jackson-databind\2.14.1\jackson-databind-2.14.1.jar;D:\Users\jcortada\.m2\repository\com\fasterxml\jackson\datatype\jackson-datatype-jsr310\2.14.1\jackson-datatype-jsr310-2.14.1.jar;D:\Users\jcortada\.m2\repository\io\micrometer\micrometer-observation\1.10.2\micrometer-observation-1.10.2.jar;D:\Users\jcortada\.m2\repository\io\micrometer\micrometer-commons\1.10.2\micrometer-commons-1.10.2.jar;D:\Users\jcortada\.m2\repository\io\micrometer\micrometer-core\1.10.2\micrometer-core-1.10.2.jar;D:\Users\jcortada\.m2\repository\org\hd
Launcher Type: SUN_STANDARD

[Global flags]
     intx CICompilerCount                          = 4                                         {product} {ergonomic}
     uint ConcGCThreads                            = 2                                         {product} {ergonomic}
     uint G1ConcRefinementThreads                  = 8                                         {product} {ergonomic}
   size_t G1HeapRegionSize                         = 2097152                                   {product} {ergonomic}
    uintx GCDrainStackTargetSize                   = 64                                        {product} {ergonomic}
   size_t InitialHeapSize                          = 266338304                                 {product} {ergonomic}
     bool ManagementServer                         = true                                      {product} {command line}
   size_t MarkStackSize                            = 4194304                                   {product} {ergonomic}
   size_t MaxHeapSize                              = 4255121408                                {product} {ergonomic}
   size_t MinHeapDeltaBytes                        = 2097152                                   {product} {ergonomic}
   size_t MinHeapSize                              = 8388608                                   {product} {ergonomic}
    uintx NonProfiledCodeHeapSize                  = 0                                      {pd product} {ergonomic}
     bool ProfileInterpreter                       = false                                  {pd product} {command line}
    uintx ProfiledCodeHeapSize                     = 0                                      {pd product} {ergonomic}
     bool ShowCodeDetailsInExceptionMessages       = true                                   {manageable} {command line}
   size_t SoftMaxHeapSize                          = 4255121408                             {manageable} {ergonomic}
     intx TieredStopAtLevel                        = 1                                         {product} {command line}
     bool UseCompressedClassPointers               = true                           {product lp64_product} {ergonomic}
     bool UseCompressedOops                        = true                           {product lp64_product} {ergonomic}
     bool UseG1GC                                  = true                                      {product} {ergonomic}
     bool UseLargePagesIndividualAllocation        = false                                  {pd product} {ergonomic}

Logging:
Log output configuration:
 #0: stdout all=warning uptime,level,tags
 #1: stderr all=off uptime,level,tags

Environment Variables:
JAVA_HOME=D:\Program Files\Java\jdk-17
PATH=D:/Program Files/Java/jdk-17/bin/server;D:/Program Files/Java/jdk-17/bin;C:\Program Files\Microsoft MPI\Bin\;C:\Program Files (x86)\Intel\Intel(R) Management Engine Components\iCLS\;C:\Program Files\Intel\Intel(R) Management Engine Components\iCLS\;C:\WINDOWS\system32;C:\WINDOWS;C:\WINDOWS\System32\Wbem;C:\WINDOWS\System32\WindowsPowerShell\v1.0\;C:\WINDOWS\System32\OpenSSH\;C:\Program Files\Intel\WiFi\bin\;C:\Program Files\Common Files\Intel\WirelessCommon\;C:\Program Files (x86)\Intel\Intel(R) Management Engine Components\DAL;C:\Program Files\Intel\Intel(R) Management Engine Components\DAL;C:\Program Files (x86)\Intel\Intel(R) Management Engine Components\IPT;C:\Program Files\Intel\Intel(R) Management Engine Components\IPT;C:\Program Files (x86)\Microsoft ASP.NET\ASP.NET Web Pages\v1.0\;C:\Program Files (x86)\Microsoft SQL Server\140\Tools\Binn\;C:\Program Files\Microsoft SQL Server\140\Tools\Binn\;C:\Program Files (x86)\Microsoft SQL Server\140\DTS\Binn\;C:\Program Files\Microsoft SQL Server\140\DTS\Binn\;C:\Program Files\Microsoft SQL Server\Client SDK\ODBC\130\Tools\Binn\;C:\Program Files\Microsoft\Web Platform Installer\;C:\Program Files (x86)\Sennheiser\SoftphoneSDK\;D:\Program Files\nodejs\;C:\Program Files (x86)\Microsoft Team Foundation Server 2012 Power Tools\;C:\Program Files (x86)\Microsoft Team Foundation Server 2012 Power Tools\Best Practices Analyzer\;D:\Program Files\Microsoft VS Code\bin;C:\Program Files (x86)\Microsoft Visual Studio\2017\Professional\Common7\IDE\CommonExtensions\Microsoft\TeamFoundation\Team Explorer\;C:\Program Files\Git\cmd;C:\Program Files (x86)\Microsoft SQL Server\150\DTS\Binn\;D:\Program Files\PuTTY\;D:\Program Files\Microsoft Network Monitor 3\;C:\Program Files\Microsoft SQL Server\Client SDK\ODBC\170\Tools\Binn\;C:\Program Files\Microsoft SQL Server\150\Tools\Binn\;C:\Program Files\Microsoft SQL Server\130\Tools\Binn\;C:\Program Files\Azure Data Studio\bin;C:\Program Files\dotnet\;C:\Users\jcortada\AppData\Local\Microsof
USERNAME=jcortada
OS=Windows_NT
PROCESSOR_IDENTIFIER=Intel64 Family 6 Model 142 Stepping 10, GenuineIntel



---------------  S Y S T E M  ---------------

OS:
 Windows 10 , 64 bit Build 19041 (10.0.19041.2364)
OS uptime: 13 days 22:56 hours

CPU: total 8 (initial active 8) (4 cores per cpu, 2 threads per core) family 6 model 142 stepping 10 microcode 0xf0, cx8, cmov, fxsr, ht, mmx, 3dnowpref, sse, sse2, sse3, ssse3, sse4.1, sse4.2, popcnt, lzcnt, tsc, tscinvbit, avx, avx2, aes, erms, clmul, bmi1, bmi2, rtm, adx, fma, vzeroupper, clflush, clflushopt

Memory: 4k page, system-wide physical 16227M (1145M free)
TotalPageFile size 31161M (AvailPageFile size 160M)
current process WorkingSet (physical memory assigned to process): 15M, peak: 15M
current process commit charge ("private bytes"): 60M, peak: 314M

vm_info: OpenJDK 64-Bit Server VM (17+35-2724) for windows-amd64 JRE (17+35-2724), built on Aug  5 2021 23:26:02 by "mach5one" with MS VC++ 16.8 (VS2019)

END.
