#
# There is insufficient memory for the Java Runtime Environment to continue.
# Native memory allocation (malloc) failed to allocate 2014688 bytes for Chunk::new
# Possible reasons:
#   The system is out of physical RAM or swap space
#   The process is running with CompressedOops enabled, and the Java Heap may be blocking the growth of the native heap
# Possible solutions:
#   Reduce memory load on the system
#   Increase physical memory or swap space
#   Check if swap backing store is full
#   Decrease Java heap size (-Xmx/-Xms)
#   Decrease number of Java threads
#   Decrease Java thread stack sizes (-Xss)
#   Set larger code cache with -XX:ReservedCodeCacheSize=
#   JVM is running with Zero Based Compressed Oops mode in which the Java heap is
#     placed in the first 32GB address space. The Java Heap base address is the
#     maximum limit for the native heap growth. Please use -XX:HeapBaseMinAddress
#     to set the Java Heap base and to place the Java Heap above 32GB virtual address.
# This output file may be truncated or incomplete.
#
#  Out of Memory Error (arena.cpp:189), pid=28236, tid=38456
#
# JRE version: OpenJDK Runtime Environment (17.0+35) (build 17+35-2724)
# Java VM: OpenJDK 64-Bit Server VM (17+35-2724, mixed mode, sharing, tiered, compressed oops, compressed class ptrs, g1 gc, windows-amd64)
# No core dump will be written. Minidumps are not enabled by default on client versions of Windows
#

---------------  S U M M A R Y ------------

Command Line: C:\Users\jcortada\AppData\Local\Temp\surefire6209899278482616142\surefirebooter15769796180880845742.jar C:\Users\jcortada\AppData\Local\Temp\surefire6209899278482616142 2023-01-11T00-34-25_228-jvmRun1 surefire6616108403974387100tmp surefire_013889950274924410969tmp

Host: Intel(R) Core(TM) i5-8350U CPU @ 1.70GHz, 8 cores, 15G,  Windows 10 , 64 bit Build 19041 (10.0.19041.2364)
Time: Wed Jan 11 00:34:30 2023 Hora estándar romance elapsed time: 4.331493 seconds (0d 0h 0m 4s)

---------------  T H R E A D  ---------------

Current thread (0x000002b9a8a784d0):  JavaThread "C2 CompilerThread2" daemon [_thread_in_native, id=38456, stack(0x000000e899900000,0x000000e899a00000)]


Current CompileTask:
C2:   4331 2259       4       org.springframework.boot.context.config.ConfigDataEnvironmentContributor$ContributorIterator::fetchIfNecessary (153 bytes)

Stack: [0x000000e899900000,0x000000e899a00000]
Native frames: (J=compiled Java code, j=interpreted, Vv=VM code, C=native code)
V  [jvm.dll+0x66f8ea]
V  [jvm.dll+0x7ce224]
V  [jvm.dll+0x7cf9ce]
V  [jvm.dll+0x7d0033]
V  [jvm.dll+0x242bb5]
V  [jvm.dll+0xaa05b]
V  [jvm.dll+0xaa5ec]
V  [jvm.dll+0x35f9f7]
V  [jvm.dll+0x329f61]
V  [jvm.dll+0x32940a]
V  [jvm.dll+0x215ca1]
V  [jvm.dll+0x2150c1]
V  [jvm.dll+0x1a168d]
V  [jvm.dll+0x2248f8]
V  [jvm.dll+0x222a5c]
V  [jvm.dll+0x78422b]
V  [jvm.dll+0x77e7ea]
V  [jvm.dll+0x66e715]
C  [ucrtbase.dll+0x21bb2]
C  [KERNEL32.DLL+0x17614]
C  [ntdll.dll+0x526a1]


---------------  P R O C E S S  ---------------

Threads class SMR info:
_java_thread_list=0x000002b9a928a570, length=18, elements={
0x000002b983919710, 0x000002b9a3c25260, 0x000002b9a3c26ff0, 0x000002b9a3c36f20,
0x000002b9a3c3a800, 0x000002b9a3c3b0c0, 0x000002b9a3c3dda0, 0x000002b9a3c41e90,
0x000002b9a3c4fbc0, 0x000002b9a3c62c90, 0x000002b9a66ab2f0, 0x000002b9a66b07f0,
0x000002b9a66ed390, 0x000002b9a6800790, 0x000002b9a86a7e00, 0x000002b9a8a784d0,
0x000002b9a93a4490, 0x000002b9a9068250
}

Java Threads: ( => current thread )
  0x000002b983919710 JavaThread "main" [_thread_in_vm, id=35896, stack(0x000000e897e00000,0x000000e897f00000)]
  0x000002b9a3c25260 JavaThread "Reference Handler" daemon [_thread_blocked, id=28540, stack(0x000000e898500000,0x000000e898600000)]
  0x000002b9a3c26ff0 JavaThread "Finalizer" daemon [_thread_blocked, id=22032, stack(0x000000e898600000,0x000000e898700000)]
  0x000002b9a3c36f20 JavaThread "Signal Dispatcher" daemon [_thread_blocked, id=27040, stack(0x000000e898700000,0x000000e898800000)]
  0x000002b9a3c3a800 JavaThread "Attach Listener" daemon [_thread_blocked, id=36032, stack(0x000000e898800000,0x000000e898900000)]
  0x000002b9a3c3b0c0 JavaThread "Service Thread" daemon [_thread_blocked, id=22776, stack(0x000000e898900000,0x000000e898a00000)]
  0x000002b9a3c3dda0 JavaThread "Monitor Deflation Thread" daemon [_thread_blocked, id=19172, stack(0x000000e898a00000,0x000000e898b00000)]
  0x000002b9a3c41e90 JavaThread "C2 CompilerThread0" daemon [_thread_blocked, id=25216, stack(0x000000e898b00000,0x000000e898c00000)]
  0x000002b9a3c4fbc0 JavaThread "C1 CompilerThread0" daemon [_thread_blocked, id=22620, stack(0x000000e898c00000,0x000000e898d00000)]
  0x000002b9a3c62c90 JavaThread "Sweeper thread" daemon [_thread_blocked, id=29592, stack(0x000000e898d00000,0x000000e898e00000)]
  0x000002b9a66ab2f0 JavaThread "Notification Thread" daemon [_thread_blocked, id=9980, stack(0x000000e898e00000,0x000000e898f00000)]
  0x000002b9a66b07f0 JavaThread "Common-Cleaner" daemon [_thread_blocked, id=20948, stack(0x000000e899000000,0x000000e899100000)]
  0x000002b9a66ed390 JavaThread "surefire-forkedjvm-command-thread" daemon [_thread_in_native, id=13376, stack(0x000000e899100000,0x000000e899200000)]
  0x000002b9a6800790 JavaThread "surefire-forkedjvm-ping-30s" daemon [_thread_in_vm, id=32820, stack(0x000000e899200000,0x000000e899300000)]
  0x000002b9a86a7e00 JavaThread "C2 CompilerThread1" daemon [_thread_blocked, id=37440, stack(0x000000e899300000,0x000000e899400000)]
=>0x000002b9a8a784d0 JavaThread "C2 CompilerThread2" daemon [_thread_in_native, id=38456, stack(0x000000e899900000,0x000000e899a00000)]
  0x000002b9a93a4490 JavaThread "background-preinit" [_thread_in_vm, id=11640, stack(0x000000e899d00000,0x000000e899e00000)]
  0x000002b9a9068250 JavaThread "Thread-2" [_thread_in_vm, id=26188, stack(0x000000e899e00000,0x000000e899f00000)]

Other Threads:
  0x000002b9a3c1d730 VMThread "VM Thread" [stack: 0x000000e898400000,0x000000e898500000] [id=21628]
  0x000002b9a3a87af0 WatcherThread [stack: 0x000000e898f00000,0x000000e899000000] [id=40688]
  0x000002b983969650 GCTaskThread "GC Thread#0" [stack: 0x000000e897f00000,0x000000e898000000] [id=30776]
  0x000002b9a686c670 GCTaskThread "GC Thread#1" [stack: 0x000000e899400000,0x000000e899500000] [id=22692]
  0x000002b9a686c920 GCTaskThread "GC Thread#2" [stack: 0x000000e899500000,0x000000e899600000] [id=30828]
  0x000002b9a686cbd0 GCTaskThread "GC Thread#3" [stack: 0x000000e899600000,0x000000e899700000] [id=41040]
  0x000002b9a680fbb0 GCTaskThread "GC Thread#4" [stack: 0x000000e899700000,0x000000e899800000] [id=18804]
  0x000002b9a680fe60 GCTaskThread "GC Thread#5" [stack: 0x000000e899800000,0x000000e899900000] [id=36456]
  0x000002b9a89fa340 GCTaskThread "GC Thread#6" [stack: 0x000000e899a00000,0x000000e899b00000] [id=14908]
  0x000002b9a7fa2cb0 GCTaskThread "GC Thread#7" [stack: 0x000000e899b00000,0x000000e899c00000] [id=37732]
  0x000002b98396e490 ConcurrentGCThread "G1 Main Marker" [stack: 0x000000e898000000,0x000000e898100000] [id=30048]
  0x000002b9a3a7da50 ConcurrentGCThread "G1 Conc#0" [stack: 0x000000e898100000,0x000000e898200000] [id=39932]
  0x000002b9a3b55be0 ConcurrentGCThread "G1 Refine#0" [stack: 0x000000e898200000,0x000000e898300000] [id=1328]
  0x000002b9a3b56510 ConcurrentGCThread "G1 Service" [stack: 0x000000e898300000,0x000000e898400000] [id=19080]

Threads with active compile tasks:
C2 CompilerThread2     4927 2259       4       org.springframework.boot.context.config.ConfigDataEnvironmentContributor$ContributorIterator::fetchIfNecessary (153 bytes)

VM state: not at safepoint (normal execution)

VM Mutex/Monitor currently owned by a thread:  ([mutex/lock_event])
[0x000002b983916680] Metaspace_lock - owner thread: 0x000002b9a93a4490

Heap address: 0x0000000702600000, size: 4058 MB, Compressed Oops mode: Zero based, Oop shift amount: 3

CDS archive(s) mapped at: [0x0000000800000000-0x0000000800bc0000-0x0000000800bc0000), size 12320768, SharedBaseAddress: 0x0000000800000000, ArchiveRelocationMode: 0.
Compressed class space mapped at: 0x0000000800c00000-0x0000000840c00000, reserved size: 1073741824
Narrow klass base: 0x0000000800000000, Narrow klass shift: 0, Narrow klass range: 0x100000000

GC Precious Log:
 CPUs: 8 total, 8 available
 Memory: 16227M
 Large Page Support: Disabled
 NUMA Support: Disabled
 Compressed Oops: Enabled (Zero based)
 Heap Region Size: 2M
 Heap Min Capacity: 8M
 Heap Initial Capacity: 254M
 Heap Max Capacity: 4058M
 Pre-touch: Disabled
 Parallel Workers: 8
 Concurrent Workers: 2
 Concurrent Refinement Workers: 8
 Periodic GC: Disabled

Heap:
 garbage-first heap   total 260096K, used 51273K [0x0000000702600000, 0x0000000800000000)
  region size 2048K, 21 young (43008K), 2 survivors (4096K)
 Metaspace       used 20803K, committed 21120K, reserved 1073152K
  class space    used 2771K, committed 2944K, reserved 1048576K

Heap Regions: E=young(eden), S=young(survivor), O=old, HS=humongous(starts), HC=humongous(continues), CS=collection set, F=free, OA=open archive, CA=closed archive, TAMS=top-at-mark-start (previous, next)
|   0|0x0000000702600000, 0x0000000702800000, 0x0000000702800000|100%| O|  |TAMS 0x0000000702600000, 0x0000000702600000| Untracked 
|   1|0x0000000702800000, 0x0000000702a00000, 0x0000000702a00000|100%| O|  |TAMS 0x0000000702800000, 0x0000000702800000| Untracked 
|   2|0x0000000702a00000, 0x0000000702c00000, 0x0000000702c00000|100%| O|  |TAMS 0x0000000702a00000, 0x0000000702a00000| Untracked 
|   3|0x0000000702c00000, 0x0000000702e00000, 0x0000000702e00000|100%| O|  |TAMS 0x0000000702c00000, 0x0000000702c00000| Untracked 
|   4|0x0000000702e00000, 0x0000000703000000, 0x0000000703000000|100%| O|  |TAMS 0x0000000702e00000, 0x0000000702e00000| Untracked 
|   5|0x0000000703000000, 0x0000000703200000, 0x0000000703200000|100%| O|  |TAMS 0x0000000703000000, 0x0000000703000000| Untracked 
|   6|0x0000000703200000, 0x00000007033b9c08, 0x0000000703400000| 86%| O|  |TAMS 0x0000000703200000, 0x0000000703200000| Untracked 
|   7|0x0000000703400000, 0x0000000703400000, 0x0000000703600000|  0%| F|  |TAMS 0x0000000703400000, 0x0000000703400000| Untracked 
|   8|0x0000000703600000, 0x0000000703600000, 0x0000000703800000|  0%| F|  |TAMS 0x0000000703600000, 0x0000000703600000| Untracked 
|   9|0x0000000703800000, 0x0000000703800000, 0x0000000703a00000|  0%| F|  |TAMS 0x0000000703800000, 0x0000000703800000| Untracked 
|  10|0x0000000703a00000, 0x0000000703a00000, 0x0000000703c00000|  0%| F|  |TAMS 0x0000000703a00000, 0x0000000703a00000| Untracked 
|  11|0x0000000703c00000, 0x0000000703c00000, 0x0000000703e00000|  0%| F|  |TAMS 0x0000000703c00000, 0x0000000703c00000| Untracked 
|  12|0x0000000703e00000, 0x0000000703e00000, 0x0000000704000000|  0%| F|  |TAMS 0x0000000703e00000, 0x0000000703e00000| Untracked 
|  13|0x0000000704000000, 0x0000000704000000, 0x0000000704200000|  0%| F|  |TAMS 0x0000000704000000, 0x0000000704000000| Untracked 
|  14|0x0000000704200000, 0x0000000704200000, 0x0000000704400000|  0%| F|  |TAMS 0x0000000704200000, 0x0000000704200000| Untracked 
|  15|0x0000000704400000, 0x0000000704400000, 0x0000000704600000|  0%| F|  |TAMS 0x0000000704400000, 0x0000000704400000| Untracked 
|  16|0x0000000704600000, 0x0000000704600000, 0x0000000704800000|  0%| F|  |TAMS 0x0000000704600000, 0x0000000704600000| Untracked 
|  17|0x0000000704800000, 0x0000000704800000, 0x0000000704a00000|  0%| F|  |TAMS 0x0000000704800000, 0x0000000704800000| Untracked 
|  18|0x0000000704a00000, 0x0000000704a00000, 0x0000000704c00000|  0%| F|  |TAMS 0x0000000704a00000, 0x0000000704a00000| Untracked 
|  19|0x0000000704c00000, 0x0000000704c00000, 0x0000000704e00000|  0%| F|  |TAMS 0x0000000704c00000, 0x0000000704c00000| Untracked 
|  20|0x0000000704e00000, 0x0000000704e00000, 0x0000000705000000|  0%| F|  |TAMS 0x0000000704e00000, 0x0000000704e00000| Untracked 
|  21|0x0000000705000000, 0x0000000705000000, 0x0000000705200000|  0%| F|  |TAMS 0x0000000705000000, 0x0000000705000000| Untracked 
|  22|0x0000000705200000, 0x0000000705200000, 0x0000000705400000|  0%| F|  |TAMS 0x0000000705200000, 0x0000000705200000| Untracked 
|  23|0x0000000705400000, 0x0000000705400000, 0x0000000705600000|  0%| F|  |TAMS 0x0000000705400000, 0x0000000705400000| Untracked 
|  24|0x0000000705600000, 0x0000000705600000, 0x0000000705800000|  0%| F|  |TAMS 0x0000000705600000, 0x0000000705600000| Untracked 
|  25|0x0000000705800000, 0x0000000705800000, 0x0000000705a00000|  0%| F|  |TAMS 0x0000000705800000, 0x0000000705800000| Untracked 
|  26|0x0000000705a00000, 0x0000000705a00000, 0x0000000705c00000|  0%| F|  |TAMS 0x0000000705a00000, 0x0000000705a00000| Untracked 
|  27|0x0000000705c00000, 0x0000000705c00000, 0x0000000705e00000|  0%| F|  |TAMS 0x0000000705c00000, 0x0000000705c00000| Untracked 
|  28|0x0000000705e00000, 0x0000000705e00000, 0x0000000706000000|  0%| F|  |TAMS 0x0000000705e00000, 0x0000000705e00000| Untracked 
|  29|0x0000000706000000, 0x0000000706000000, 0x0000000706200000|  0%| F|  |TAMS 0x0000000706000000, 0x0000000706000000| Untracked 
|  30|0x0000000706200000, 0x0000000706200000, 0x0000000706400000|  0%| F|  |TAMS 0x0000000706200000, 0x0000000706200000| Untracked 
|  31|0x0000000706400000, 0x0000000706400000, 0x0000000706600000|  0%| F|  |TAMS 0x0000000706400000, 0x0000000706400000| Untracked 
|  32|0x0000000706600000, 0x0000000706600000, 0x0000000706800000|  0%| F|  |TAMS 0x0000000706600000, 0x0000000706600000| Untracked 
|  33|0x0000000706800000, 0x0000000706800000, 0x0000000706a00000|  0%| F|  |TAMS 0x0000000706800000, 0x0000000706800000| Untracked 
|  34|0x0000000706a00000, 0x0000000706a00000, 0x0000000706c00000|  0%| F|  |TAMS 0x0000000706a00000, 0x0000000706a00000| Untracked 
|  35|0x0000000706c00000, 0x0000000706c00000, 0x0000000706e00000|  0%| F|  |TAMS 0x0000000706c00000, 0x0000000706c00000| Untracked 
|  36|0x0000000706e00000, 0x0000000706e00000, 0x0000000707000000|  0%| F|  |TAMS 0x0000000706e00000, 0x0000000706e00000| Untracked 
|  37|0x0000000707000000, 0x0000000707000000, 0x0000000707200000|  0%| F|  |TAMS 0x0000000707000000, 0x0000000707000000| Untracked 
|  38|0x0000000707200000, 0x0000000707200000, 0x0000000707400000|  0%| F|  |TAMS 0x0000000707200000, 0x0000000707200000| Untracked 
|  39|0x0000000707400000, 0x0000000707400000, 0x0000000707600000|  0%| F|  |TAMS 0x0000000707400000, 0x0000000707400000| Untracked 
|  40|0x0000000707600000, 0x0000000707600000, 0x0000000707800000|  0%| F|  |TAMS 0x0000000707600000, 0x0000000707600000| Untracked 
|  41|0x0000000707800000, 0x0000000707800000, 0x0000000707a00000|  0%| F|  |TAMS 0x0000000707800000, 0x0000000707800000| Untracked 
|  42|0x0000000707a00000, 0x0000000707a00000, 0x0000000707c00000|  0%| F|  |TAMS 0x0000000707a00000, 0x0000000707a00000| Untracked 
|  43|0x0000000707c00000, 0x0000000707c00000, 0x0000000707e00000|  0%| F|  |TAMS 0x0000000707c00000, 0x0000000707c00000| Untracked 
|  44|0x0000000707e00000, 0x0000000707e00000, 0x0000000708000000|  0%| F|  |TAMS 0x0000000707e00000, 0x0000000707e00000| Untracked 
|  45|0x0000000708000000, 0x0000000708000000, 0x0000000708200000|  0%| F|  |TAMS 0x0000000708000000, 0x0000000708000000| Untracked 
|  46|0x0000000708200000, 0x0000000708200000, 0x0000000708400000|  0%| F|  |TAMS 0x0000000708200000, 0x0000000708200000| Untracked 
|  47|0x0000000708400000, 0x0000000708400000, 0x0000000708600000|  0%| F|  |TAMS 0x0000000708400000, 0x0000000708400000| Untracked 
|  48|0x0000000708600000, 0x0000000708600000, 0x0000000708800000|  0%| F|  |TAMS 0x0000000708600000, 0x0000000708600000| Untracked 
|  49|0x0000000708800000, 0x0000000708800000, 0x0000000708a00000|  0%| F|  |TAMS 0x0000000708800000, 0x0000000708800000| Untracked 
|  50|0x0000000708a00000, 0x0000000708a00000, 0x0000000708c00000|  0%| F|  |TAMS 0x0000000708a00000, 0x0000000708a00000| Untracked 
|  51|0x0000000708c00000, 0x0000000708c00000, 0x0000000708e00000|  0%| F|  |TAMS 0x0000000708c00000, 0x0000000708c00000| Untracked 
|  52|0x0000000708e00000, 0x0000000708e00000, 0x0000000709000000|  0%| F|  |TAMS 0x0000000708e00000, 0x0000000708e00000| Untracked 
|  53|0x0000000709000000, 0x0000000709000000, 0x0000000709200000|  0%| F|  |TAMS 0x0000000709000000, 0x0000000709000000| Untracked 
|  54|0x0000000709200000, 0x0000000709200000, 0x0000000709400000|  0%| F|  |TAMS 0x0000000709200000, 0x0000000709200000| Untracked 
|  55|0x0000000709400000, 0x0000000709400000, 0x0000000709600000|  0%| F|  |TAMS 0x0000000709400000, 0x0000000709400000| Untracked 
|  56|0x0000000709600000, 0x0000000709600000, 0x0000000709800000|  0%| F|  |TAMS 0x0000000709600000, 0x0000000709600000| Untracked 
|  57|0x0000000709800000, 0x0000000709800000, 0x0000000709a00000|  0%| F|  |TAMS 0x0000000709800000, 0x0000000709800000| Untracked 
|  58|0x0000000709a00000, 0x0000000709a00000, 0x0000000709c00000|  0%| F|  |TAMS 0x0000000709a00000, 0x0000000709a00000| Untracked 
|  59|0x0000000709c00000, 0x0000000709c00000, 0x0000000709e00000|  0%| F|  |TAMS 0x0000000709c00000, 0x0000000709c00000| Untracked 
|  60|0x0000000709e00000, 0x0000000709e00000, 0x000000070a000000|  0%| F|  |TAMS 0x0000000709e00000, 0x0000000709e00000| Untracked 
|  61|0x000000070a000000, 0x000000070a000000, 0x000000070a200000|  0%| F|  |TAMS 0x000000070a000000, 0x000000070a000000| Untracked 
|  62|0x000000070a200000, 0x000000070a200000, 0x000000070a400000|  0%| F|  |TAMS 0x000000070a200000, 0x000000070a200000| Untracked 
|  63|0x000000070a400000, 0x000000070a400000, 0x000000070a600000|  0%| F|  |TAMS 0x000000070a400000, 0x000000070a400000| Untracked 
|  64|0x000000070a600000, 0x000000070a600000, 0x000000070a800000|  0%| F|  |TAMS 0x000000070a600000, 0x000000070a600000| Untracked 
|  65|0x000000070a800000, 0x000000070a800000, 0x000000070aa00000|  0%| F|  |TAMS 0x000000070a800000, 0x000000070a800000| Untracked 
|  66|0x000000070aa00000, 0x000000070aa00000, 0x000000070ac00000|  0%| F|  |TAMS 0x000000070aa00000, 0x000000070aa00000| Untracked 
|  67|0x000000070ac00000, 0x000000070ac00000, 0x000000070ae00000|  0%| F|  |TAMS 0x000000070ac00000, 0x000000070ac00000| Untracked 
|  68|0x000000070ae00000, 0x000000070ae00000, 0x000000070b000000|  0%| F|  |TAMS 0x000000070ae00000, 0x000000070ae00000| Untracked 
|  69|0x000000070b000000, 0x000000070b000000, 0x000000070b200000|  0%| F|  |TAMS 0x000000070b000000, 0x000000070b000000| Untracked 
|  70|0x000000070b200000, 0x000000070b200000, 0x000000070b400000|  0%| F|  |TAMS 0x000000070b200000, 0x000000070b200000| Untracked 
|  71|0x000000070b400000, 0x000000070b400000, 0x000000070b600000|  0%| F|  |TAMS 0x000000070b400000, 0x000000070b400000| Untracked 
|  72|0x000000070b600000, 0x000000070b600000, 0x000000070b800000|  0%| F|  |TAMS 0x000000070b600000, 0x000000070b600000| Untracked 
|  73|0x000000070b800000, 0x000000070b800000, 0x000000070ba00000|  0%| F|  |TAMS 0x000000070b800000, 0x000000070b800000| Untracked 
|  74|0x000000070ba00000, 0x000000070ba00000, 0x000000070bc00000|  0%| F|  |TAMS 0x000000070ba00000, 0x000000070ba00000| Untracked 
|  75|0x000000070bc00000, 0x000000070bc00000, 0x000000070be00000|  0%| F|  |TAMS 0x000000070bc00000, 0x000000070bc00000| Untracked 
|  76|0x000000070be00000, 0x000000070be00000, 0x000000070c000000|  0%| F|  |TAMS 0x000000070be00000, 0x000000070be00000| Untracked 
|  77|0x000000070c000000, 0x000000070c000000, 0x000000070c200000|  0%| F|  |TAMS 0x000000070c000000, 0x000000070c000000| Untracked 
|  78|0x000000070c200000, 0x000000070c200000, 0x000000070c400000|  0%| F|  |TAMS 0x000000070c200000, 0x000000070c200000| Untracked 
|  79|0x000000070c400000, 0x000000070c400000, 0x000000070c600000|  0%| F|  |TAMS 0x000000070c400000, 0x000000070c400000| Untracked 
|  80|0x000000070c600000, 0x000000070c600000, 0x000000070c800000|  0%| F|  |TAMS 0x000000070c600000, 0x000000070c600000| Untracked 
|  81|0x000000070c800000, 0x000000070c800000, 0x000000070ca00000|  0%| F|  |TAMS 0x000000070c800000, 0x000000070c800000| Untracked 
|  82|0x000000070ca00000, 0x000000070ca00000, 0x000000070cc00000|  0%| F|  |TAMS 0x000000070ca00000, 0x000000070ca00000| Untracked 
|  83|0x000000070cc00000, 0x000000070cc00000, 0x000000070ce00000|  0%| F|  |TAMS 0x000000070cc00000, 0x000000070cc00000| Untracked 
|  84|0x000000070ce00000, 0x000000070ce00000, 0x000000070d000000|  0%| F|  |TAMS 0x000000070ce00000, 0x000000070ce00000| Untracked 
|  85|0x000000070d000000, 0x000000070d000000, 0x000000070d200000|  0%| F|  |TAMS 0x000000070d000000, 0x000000070d000000| Untracked 
|  86|0x000000070d200000, 0x000000070d200000, 0x000000070d400000|  0%| F|  |TAMS 0x000000070d200000, 0x000000070d200000| Untracked 
|  87|0x000000070d400000, 0x000000070d400000, 0x000000070d600000|  0%| F|  |TAMS 0x000000070d400000, 0x000000070d400000| Untracked 
|  88|0x000000070d600000, 0x000000070d600000, 0x000000070d800000|  0%| F|  |TAMS 0x000000070d600000, 0x000000070d600000| Untracked 
|  89|0x000000070d800000, 0x000000070d800000, 0x000000070da00000|  0%| F|  |TAMS 0x000000070d800000, 0x000000070d800000| Untracked 
|  90|0x000000070da00000, 0x000000070da00000, 0x000000070dc00000|  0%| F|  |TAMS 0x000000070da00000, 0x000000070da00000| Untracked 
|  91|0x000000070dc00000, 0x000000070dc00000, 0x000000070de00000|  0%| F|  |TAMS 0x000000070dc00000, 0x000000070dc00000| Untracked 
|  92|0x000000070de00000, 0x000000070de00000, 0x000000070e000000|  0%| F|  |TAMS 0x000000070de00000, 0x000000070de00000| Untracked 
|  93|0x000000070e000000, 0x000000070e000000, 0x000000070e200000|  0%| F|  |TAMS 0x000000070e000000, 0x000000070e000000| Untracked 
|  94|0x000000070e200000, 0x000000070e200000, 0x000000070e400000|  0%| F|  |TAMS 0x000000070e200000, 0x000000070e200000| Untracked 
|  95|0x000000070e400000, 0x000000070e400000, 0x000000070e600000|  0%| F|  |TAMS 0x000000070e400000, 0x000000070e400000| Untracked 
|  96|0x000000070e600000, 0x000000070e600000, 0x000000070e800000|  0%| F|  |TAMS 0x000000070e600000, 0x000000070e600000| Untracked 
|  97|0x000000070e800000, 0x000000070e800000, 0x000000070ea00000|  0%| F|  |TAMS 0x000000070e800000, 0x000000070e800000| Untracked 
|  98|0x000000070ea00000, 0x000000070ea00000, 0x000000070ec00000|  0%| F|  |TAMS 0x000000070ea00000, 0x000000070ea00000| Untracked 
|  99|0x000000070ec00000, 0x000000070ec00000, 0x000000070ee00000|  0%| F|  |TAMS 0x000000070ec00000, 0x000000070ec00000| Untracked 
| 100|0x000000070ee00000, 0x000000070ee00000, 0x000000070f000000|  0%| F|  |TAMS 0x000000070ee00000, 0x000000070ee00000| Untracked 
| 101|0x000000070f000000, 0x000000070f000000, 0x000000070f200000|  0%| F|  |TAMS 0x000000070f000000, 0x000000070f000000| Untracked 
| 102|0x000000070f200000, 0x000000070f200000, 0x000000070f400000|  0%| F|  |TAMS 0x000000070f200000, 0x000000070f200000| Untracked 
| 103|0x000000070f400000, 0x000000070f400000, 0x000000070f600000|  0%| F|  |TAMS 0x000000070f400000, 0x000000070f400000| Untracked 
| 104|0x000000070f600000, 0x000000070f600000, 0x000000070f800000|  0%| F|  |TAMS 0x000000070f600000, 0x000000070f600000| Untracked 
| 105|0x000000070f800000, 0x000000070f858980, 0x000000070fa00000| 17%| S|CS|TAMS 0x000000070f800000, 0x000000070f800000| Complete 
| 106|0x000000070fa00000, 0x000000070fc00000, 0x000000070fc00000|100%| S|CS|TAMS 0x000000070fa00000, 0x000000070fa00000| Complete 
| 107|0x000000070fc00000, 0x000000070fc00000, 0x000000070fe00000|  0%| F|  |TAMS 0x000000070fc00000, 0x000000070fc00000| Untracked 
| 108|0x000000070fe00000, 0x000000070fffd270, 0x0000000710000000| 99%| E|  |TAMS 0x000000070fe00000, 0x000000070fe00000| Complete 
| 109|0x0000000710000000, 0x0000000710200000, 0x0000000710200000|100%| E|CS|TAMS 0x0000000710000000, 0x0000000710000000| Complete 
| 110|0x0000000710200000, 0x0000000710400000, 0x0000000710400000|100%| E|CS|TAMS 0x0000000710200000, 0x0000000710200000| Complete 
| 111|0x0000000710400000, 0x0000000710600000, 0x0000000710600000|100%| E|  |TAMS 0x0000000710400000, 0x0000000710400000| Complete 
| 112|0x0000000710600000, 0x0000000710800000, 0x0000000710800000|100%| E|CS|TAMS 0x0000000710600000, 0x0000000710600000| Complete 
| 113|0x0000000710800000, 0x0000000710a00000, 0x0000000710a00000|100%| E|CS|TAMS 0x0000000710800000, 0x0000000710800000| Complete 
| 114|0x0000000710a00000, 0x0000000710c00000, 0x0000000710c00000|100%| E|CS|TAMS 0x0000000710a00000, 0x0000000710a00000| Complete 
| 115|0x0000000710c00000, 0x0000000710e00000, 0x0000000710e00000|100%| E|CS|TAMS 0x0000000710c00000, 0x0000000710c00000| Complete 
| 116|0x0000000710e00000, 0x0000000711000000, 0x0000000711000000|100%| E|CS|TAMS 0x0000000710e00000, 0x0000000710e00000| Complete 
| 117|0x0000000711000000, 0x0000000711200000, 0x0000000711200000|100%| E|CS|TAMS 0x0000000711000000, 0x0000000711000000| Complete 
| 118|0x0000000711200000, 0x0000000711400000, 0x0000000711400000|100%| E|CS|TAMS 0x0000000711200000, 0x0000000711200000| Complete 
| 119|0x0000000711400000, 0x0000000711600000, 0x0000000711600000|100%| E|CS|TAMS 0x0000000711400000, 0x0000000711400000| Complete 
| 120|0x0000000711600000, 0x0000000711800000, 0x0000000711800000|100%| E|CS|TAMS 0x0000000711600000, 0x0000000711600000| Complete 
| 121|0x0000000711800000, 0x0000000711a00000, 0x0000000711a00000|100%| E|CS|TAMS 0x0000000711800000, 0x0000000711800000| Complete 
| 122|0x0000000711a00000, 0x0000000711c00000, 0x0000000711c00000|100%| E|CS|TAMS 0x0000000711a00000, 0x0000000711a00000| Complete 
| 123|0x0000000711c00000, 0x0000000711e00000, 0x0000000711e00000|100%| E|CS|TAMS 0x0000000711c00000, 0x0000000711c00000| Complete 
| 124|0x0000000711e00000, 0x0000000712000000, 0x0000000712000000|100%| E|CS|TAMS 0x0000000711e00000, 0x0000000711e00000| Complete 
| 125|0x0000000712000000, 0x0000000712200000, 0x0000000712200000|100%| E|CS|TAMS 0x0000000712000000, 0x0000000712000000| Complete 
| 126|0x0000000712200000, 0x0000000712400000, 0x0000000712400000|100%| E|CS|TAMS 0x0000000712200000, 0x0000000712200000| Complete 

Card table byte_map: [0x000002b99abb0000,0x000002b99b3a0000] _byte_map_base: 0x000002b99739d000

Marking Bits (Prev, Next): (CMBitMap*) 0x000002b983969b70, (CMBitMap*) 0x000002b983969bb0
 Prev Bits: [0x000002b99bb90000, 0x000002b99faf8000)
 Next Bits: [0x000002b99fb00000, 0x000002b9a3a68000)

Polling page: 0x000002b983070000

Metaspace:

Usage:
  Non-class:     17.61 MB used.
      Class:      2.71 MB used.
       Both:     20.32 MB used.

Virtual space:
  Non-class space:       24.00 MB reserved,      17.75 MB ( 74%) committed,  3 nodes.
      Class space:        1.00 GB reserved,       2.88 MB ( <1%) committed,  1 nodes.
             Both:        1.02 GB reserved,      20.62 MB (  2%) committed. 

Chunk freelists:
   Non-Class:  2.23 MB
       Class:  1008.00 KB
        Both:  3.22 MB

MaxMetaspaceSize: unlimited
CompressedClassSpaceSize: 1.00 GB
Initial GC threshold: 21.00 MB
Current GC threshold: 21.00 MB
CDS: on
MetaspaceReclaimPolicy: balanced
 - commit_granule_bytes: 65536.
 - commit_granule_words: 8192.
 - virtual_space_node_default_size: 1048576.
 - enlarge_chunks_in_place: 1.
 - new_chunks_are_fully_committed: 0.
 - uncommit_free_chunks: 1.
 - use_allocation_guard: 0.
 - handle_deallocations: 1.


Internal statistics:

num_allocs_failed_limit: 0.
num_arena_births: 240.
num_arena_deaths: 0.
num_vsnodes_births: 4.
num_vsnodes_deaths: 0.
num_space_committed: 330.
num_space_uncommitted: 0.
num_chunks_returned_to_freelist: 0.
num_chunks_taken_from_freelist: 923.
num_chunk_merges: 0.
num_chunk_splits: 646.
num_chunks_enlarged: 507.
num_purges: 0.
num_inconsistent_stats: 0.

CodeHeap 'non-profiled nmethods': size=120000Kb used=1262Kb max_used=1262Kb free=118737Kb
 bounds [0x000002b992b60000, 0x000002b992dd0000, 0x000002b99a090000]
CodeHeap 'profiled nmethods': size=120000Kb used=5112Kb max_used=5112Kb free=114887Kb
 bounds [0x000002b98b630000, 0x000002b98bb30000, 0x000002b992b60000]
CodeHeap 'non-nmethods': size=5760Kb used=1198Kb max_used=1291Kb free=4561Kb
 bounds [0x000002b98b090000, 0x000002b98b300000, 0x000002b98b630000]
 total_blobs=3040 nmethods=2538 adapters=414
 compilation: enabled
              stopped_count=0, restarted_count=0
 full_count=0

Compilation events (20 events):
Event: 4.315 Thread 0x000002b9a3c4fbc0 2366       3       org.springframework.util.AntPathMatcher::getStringMatcher (98 bytes)
Event: 4.316 Thread 0x000002b9a3c4fbc0 nmethod 2366 0x000002b98bace190 code [0x000002b98bace3c0, 0x000002b98bacee38]
Event: 4.316 Thread 0x000002b9a3c4fbc0 2367       3       org.springframework.util.AntPathMatcher$AntPathStringMatcher::matchStrings (178 bytes)
Event: 4.317 Thread 0x000002b9a3c4fbc0 nmethod 2367 0x000002b98bacf110 code [0x000002b98bacf3e0, 0x000002b98bad0108]
Event: 4.317 Thread 0x000002b9a3c4fbc0 2368       3       sun.reflect.generics.reflectiveObjects.ParameterizedTypeImpl::make (11 bytes)
Event: 4.317 Thread 0x000002b9a3c4fbc0 nmethod 2368 0x000002b98bad0690 code [0x000002b98bad0860, 0x000002b98bad0c58]
Event: 4.318 Thread 0x000002b9a86a7e00 2369       4       java.lang.StringConcatHelper::newString (67 bytes)
Event: 4.318 Thread 0x000002b9a3c4fbc0 2370       3       org.springframework.util.StringUtils::cleanPath (322 bytes)
Event: 4.319 Thread 0x000002b9a86a7e00 nmethod 2369 0x000002b992c7bb10 code [0x000002b992c7bca0, 0x000002b992c7bd98]
Event: 4.323 Thread 0x000002b9a3c41e90 2372       4       java.util.concurrent.ConcurrentHashMap::putIfAbsent (8 bytes)
Event: 4.324 Thread 0x000002b9a3c41e90 nmethod 2372 0x000002b992c7be90 code [0x000002b992c7c020, 0x000002b992c7c0c8]
Event: 4.324 Thread 0x000002b9a3c4fbc0 nmethod 2370 0x000002b98bad0e10 code [0x000002b98bad1520, 0x000002b98bad5578]
Event: 4.324 Thread 0x000002b9a3c4fbc0 2373       3       org.springframework.asm.ClassReader::readUnsignedShort (26 bytes)
Event: 4.324 Thread 0x000002b9a3c4fbc0 nmethod 2373 0x000002b98bad6b10 code [0x000002b98bad6ca0, 0x000002b98bad6e18]
Event: 4.324 Thread 0x000002b9a3c4fbc0 2371       3       java.util.Collections$EmptyMap::entrySet (4 bytes)
Event: 4.325 Thread 0x000002b9a3c4fbc0 nmethod 2371 0x000002b98bad6f10 code [0x000002b98bad70a0, 0x000002b98bad7218]
Event: 4.325 Thread 0x000002b9a3c4fbc0 2374       3       java.lang.Class::getMethodsRecursive (99 bytes)
Event: 4.325 Thread 0x000002b9a3c4fbc0 nmethod 2374 0x000002b98bad7310 code [0x000002b98bad7540, 0x000002b98bad7ae8]
Event: 4.325 Thread 0x000002b9a3c4fbc0 2375       3       sun.reflect.generics.parser.SignatureParser::parseTypeSignature (130 bytes)
Event: 4.326 Thread 0x000002b9a3c4fbc0 nmethod 2375 0x000002b98bad7e10 code [0x000002b98bad7fe0, 0x000002b98bad8488]

GC Heap History (6 events):
Event: 0.454 GC heap before
{Heap before GC invocations=0 (full 0):
 garbage-first heap   total 260096K, used 20480K [0x0000000702600000, 0x0000000800000000)
  region size 2048K, 11 young (22528K), 0 survivors (0K)
 Metaspace       used 1873K, committed 2048K, reserved 1056768K
  class space    used 181K, committed 256K, reserved 1048576K
}
Event: 0.458 GC heap after
{Heap after GC invocations=1 (full 0):
 garbage-first heap   total 260096K, used 5505K [0x0000000702600000, 0x0000000800000000)
  region size 2048K, 2 young (4096K), 2 survivors (4096K)
 Metaspace       used 1873K, committed 2048K, reserved 1056768K
  class space    used 181K, committed 256K, reserved 1048576K
}
Event: 1.976 GC heap before
{Heap before GC invocations=1 (full 0):
 garbage-first heap   total 260096K, used 32129K [0x0000000702600000, 0x0000000800000000)
  region size 2048K, 16 young (32768K), 2 survivors (4096K)
 Metaspace       used 6889K, committed 7104K, reserved 1056768K
  class space    used 847K, committed 960K, reserved 1048576K
}
Event: 1.983 GC heap after
{Heap after GC invocations=2 (full 0):
 garbage-first heap   total 260096K, used 13712K [0x0000000702600000, 0x0000000800000000)
  region size 2048K, 2 young (4096K), 2 survivors (4096K)
 Metaspace       used 6889K, committed 7104K, reserved 1056768K
  class space    used 847K, committed 960K, reserved 1048576K
}
Event: 3.862 GC heap before
{Heap before GC invocations=2 (full 0):
 garbage-first heap   total 260096K, used 50576K [0x0000000702600000, 0x0000000800000000)
  region size 2048K, 20 young (40960K), 2 survivors (4096K)
 Metaspace       used 14295K, committed 14528K, reserved 1064960K
  class space    used 1865K, committed 1984K, reserved 1048576K
}
Event: 3.868 GC heap after
{Heap after GC invocations=3 (full 0):
 garbage-first heap   total 260096K, used 16457K [0x0000000702600000, 0x0000000800000000)
  region size 2048K, 2 young (4096K), 2 survivors (4096K)
 Metaspace       used 14295K, committed 14528K, reserved 1064960K
  class space    used 1865K, committed 1984K, reserved 1048576K
}

Deoptimization events (20 events):
Event: 3.938 Thread 0x000002b983919710 DEOPT PACKING pc=0x000002b992c12714 sp=0x000000e897efc770
Event: 3.938 Thread 0x000002b983919710 DEOPT UNPACKING pc=0x000002b98b0e23a3 sp=0x000000e897efc6f0 mode 2
Event: 4.036 Thread 0x000002b983919710 Uncommon trap: trap_request=0xffffffde fr.pc=0x000002b992c56d48 relative=0x0000000000000128
Event: 4.036 Thread 0x000002b983919710 Uncommon trap: reason=class_check action=maybe_recompile pc=0x000002b992c56d48 method=jdk.internal.misc.Unsafe.allocateUninitializedArray(Ljava/lang/Class;I)Ljava/lang/Object; @ 51 c2
Event: 4.036 Thread 0x000002b983919710 DEOPT PACKING pc=0x000002b992c56d48 sp=0x000000e897efb980
Event: 4.036 Thread 0x000002b983919710 DEOPT UNPACKING pc=0x000002b98b0e23a3 sp=0x000000e897efb908 mode 2
Event: 4.037 Thread 0x000002b983919710 Uncommon trap: trap_request=0xffffffde fr.pc=0x000002b992c56d48 relative=0x0000000000000128
Event: 4.037 Thread 0x000002b983919710 Uncommon trap: reason=class_check action=maybe_recompile pc=0x000002b992c56d48 method=jdk.internal.misc.Unsafe.allocateUninitializedArray(Ljava/lang/Class;I)Ljava/lang/Object; @ 51 c2
Event: 4.037 Thread 0x000002b983919710 DEOPT PACKING pc=0x000002b992c56d48 sp=0x000000e897efb5a0
Event: 4.037 Thread 0x000002b983919710 DEOPT UNPACKING pc=0x000002b98b0e23a3 sp=0x000000e897efb528 mode 2
Event: 4.037 Thread 0x000002b9a93a4490 Uncommon trap: trap_request=0xffffffde fr.pc=0x000002b992c56d48 relative=0x0000000000000128
Event: 4.037 Thread 0x000002b9a93a4490 Uncommon trap: reason=class_check action=maybe_recompile pc=0x000002b992c56d48 method=jdk.internal.misc.Unsafe.allocateUninitializedArray(Ljava/lang/Class;I)Ljava/lang/Object; @ 51 c2
Event: 4.037 Thread 0x000002b9a93a4490 DEOPT PACKING pc=0x000002b992c56d48 sp=0x000000e899dfe0f0
Event: 4.037 Thread 0x000002b9a93a4490 DEOPT UNPACKING pc=0x000002b98b0e23a3 sp=0x000000e899dfe078 mode 2
Event: 4.037 Thread 0x000002b9a93a4490 Uncommon trap: trap_request=0xffffffde fr.pc=0x000002b992c56d48 relative=0x0000000000000128
Event: 4.037 Thread 0x000002b9a93a4490 Uncommon trap: reason=class_check action=maybe_recompile pc=0x000002b992c56d48 method=jdk.internal.misc.Unsafe.allocateUninitializedArray(Ljava/lang/Class;I)Ljava/lang/Object; @ 51 c2
Event: 4.037 Thread 0x000002b9a93a4490 DEOPT PACKING pc=0x000002b992c56d48 sp=0x000000e899dfdcf0
Event: 4.037 Thread 0x000002b9a93a4490 DEOPT UNPACKING pc=0x000002b98b0e23a3 sp=0x000000e899dfdc78 mode 2
Event: 4.314 Thread 0x000002b983919710 DEOPT PACKING pc=0x000002b98b927878 sp=0x000000e897efb5a0
Event: 4.314 Thread 0x000002b983919710 DEOPT UNPACKING pc=0x000002b98b0e2b43 sp=0x000000e897efaab8 mode 0

Classes unloaded (0 events):
No events

Classes redefined (0 events):
No events

Internal exceptions (20 events):
Event: 2.335 Thread 0x000002b983919710 Exception <a 'java/lang/NoSuchMethodError'{0x0000000711a74fe0}: 'void java.lang.invoke.DirectMethodHandle$Holder.invokeVirtual(java.lang.Object, java.lang.Object)'> (0x0000000711a74fe0) 
thrown [t:\workspace\open\src\hotspot\share\interpreter\linkResolver.cpp, line 766]
Event: 2.472 Thread 0x000002b983919710 Exception <a 'java/lang/NoSuchMethodError'{0x000000071191a538}: 'void java.lang.invoke.DirectMethodHandle$Holder.invokeVirtual(java.lang.Object, java.lang.Object, java.lang.Object, java.lang.Object)'> (0x000000071191a538) 
thrown [t:\workspace\open\src\hotspot\share\interpreter\linkResolver.cpp, line 766]
Event: 2.732 Thread 0x000002b983919710 Exception <a 'java/lang/NoSuchMethodError'{0x000000071108dd38}: 'int java.lang.invoke.DirectMethodHandle$Holder.invokeVirtual(java.lang.Object, java.lang.Object, java.lang.Object)'> (0x000000071108dd38) 
thrown [t:\workspace\open\src\hotspot\share\interpreter\linkResolver.cpp, line 766]
Event: 2.741 Thread 0x000002b983919710 Exception <a 'java/lang/NoSuchMethodError'{0x00000007110c5050}: 'java.lang.Object java.lang.invoke.DirectMethodHandle$Holder.newInvokeSpecial(java.lang.Object, java.lang.Object, java.lang.Object, java.lang.Object, java.lang.Object, java.lang.Object, java.lang.Object)'> (0x00000007110c5050) 
thrown [t:\workspace\open\src\hotspot\share\interpreter\linkResolver.cpp, line 766]
Event: 2.741 Thread 0x000002b983919710 Exception <a 'java/lang/NoSuchMethodError'{0x00000007110c9c08}: 'java.lang.Object java.lang.invoke.Invokers$Holder.linkToTargetMethod(java.lang.Object, java.lang.Object, java.lang.Object, java.lang.Object, java.lang.Object, java.lang.Object, java.lang.Object)'> (0x00000007110c9c08) 
thrown [t:\workspace\open\src\hotspot\share\interpreter\linkResolver.cpp, line 766]
Event: 2.745 Thread 0x000002b983919710 Exception <a 'java/lang/NoSuchMethodError'{0x00000007110dbb78}: 'java.lang.Object java.lang.invoke.DirectMethodHandle$Holder.invokeInterface(java.lang.Object, java.lang.Object, java.lang.Object, java.lang.Object, java.lang.Object)'> (0x00000007110dbb78) 
thrown [t:\workspace\open\src\hotspot\share\interpreter\linkResolver.cpp, line 766]
Event: 2.745 Thread 0x000002b983919710 Exception <a 'java/lang/IncompatibleClassChangeError'{0x00000007110df970}: Found class java.lang.Object, but interface was expected> (0x00000007110df970) 
thrown [t:\workspace\open\src\hotspot\share\interpreter\linkResolver.cpp, line 833]
Event: 2.957 Thread 0x000002b983919710 Exception <a 'java/lang/IncompatibleClassChangeError'{0x0000000710a1e7e8}: Found class java.lang.Object, but interface was expected> (0x0000000710a1e7e8) 
thrown [t:\workspace\open\src\hotspot\share\interpreter\linkResolver.cpp, line 833]
Event: 2.974 Thread 0x000002b983919710 Exception <a 'sun/nio/fs/WindowsException'{0x0000000710a6e5c8}> (0x0000000710a6e5c8) 
thrown [t:\workspace\open\src\hotspot\share\prims\jni.cpp, line 516]
Event: 3.051 Thread 0x000002b983919710 Exception <a 'java/lang/NoSuchMethodError'{0x0000000710848248}: 'void java.lang.invoke.DelegatingMethodHandle$Holder.delegate(java.lang.Object, java.lang.Object, int, java.lang.Object)'> (0x0000000710848248) 
thrown [t:\workspace\open\src\hotspot\share\interpreter\linkResolver.cpp, line 766]
Event: 3.598 Thread 0x000002b983919710 Exception <a 'java/lang/NoSuchMethodError'{0x0000000710640510}: 'java.lang.Object java.lang.invoke.DirectMethodHandle$Holder.invokeSpecial(java.lang.Object, java.lang.Object, java.lang.Object, java.lang.Object, java.lang.Object, java.lang.Object, int)'> (0x0000000710640510) 
thrown [t:\workspace\open\src\hotspot\share\interpreter\linkResolver.cpp, line 766]
Event: 3.599 Thread 0x000002b983919710 Exception <a 'java/lang/NoSuchMethodError'{0x000000071064b038}: 'java.lang.Object java.lang.invoke.DirectMethodHandle$Holder.newInvokeSpecial(java.lang.Object, java.lang.Object, java.lang.Object, java.lang.Object, java.lang.Object, java.lang.Object, int)'> (0x000000071064b038) 
thrown [t:\workspace\open\src\hotspot\share\interpreter\linkResolver.cpp, line 766]
Event: 3.599 Thread 0x000002b983919710 Exception <a 'java/lang/NoSuchMethodError'{0x00000007106505c8}: 'java.lang.Object java.lang.invoke.DirectMethodHandle$Holder.invokeSpecial(java.lang.Object, java.lang.Object, java.lang.Object, java.lang.Object, java.lang.Object, java.lang.Object, java.lang.Object, int)'> (0x00000007106505c8) 
thrown [t:\workspace\open\src\hotspot\share\interpreter\linkResolver.cpp, line 766]
Event: 3.636 Thread 0x000002b983919710 Implicit null exception at 0x000002b992c2decd to 0x000002b992c31464
Event: 3.647 Thread 0x000002b983919710 Exception <a 'java/lang/NoSuchMethodError'{0x00000007107a8b30}: 'void java.lang.invoke.DirectMethodHandle$Holder.invokeStatic(java.lang.Object, java.lang.Object, java.lang.Object, java.lang.Object, java.lang.Object, java.lang.Object)'> (0x00000007107a8b30) 
thrown [t:\workspace\open\src\hotspot\share\interpreter\linkResolver.cpp, line 766]
Event: 3.739 Thread 0x000002b983919710 Exception <a 'java/lang/NoSuchMethodError'{0x000000070fef7038}: 'java.lang.Object java.lang.invoke.DirectMethodHandle$Holder.invokeSpecial(java.lang.Object, java.lang.Object, java.lang.Object, int, java.lang.Object)'> (0x000000070fef7038) 
thrown [t:\workspace\open\src\hotspot\share\interpreter\linkResolver.cpp, line 766]
Event: 3.739 Thread 0x000002b983919710 Exception <a 'java/lang/NoSuchMethodError'{0x000000070feffaf0}: 'java.lang.Object java.lang.invoke.DirectMethodHandle$Holder.newInvokeSpecial(java.lang.Object, java.lang.Object, java.lang.Object, int, java.lang.Object)'> (0x000000070feffaf0) 
thrown [t:\workspace\open\src\hotspot\share\interpreter\linkResolver.cpp, line 766]
Event: 3.740 Thread 0x000002b983919710 Exception <a 'java/lang/NoSuchMethodError'{0x000000070ff07a10}: 'java.lang.Object java.lang.invoke.Invokers$Holder.linkToTargetMethod(java.lang.Object, java.lang.Object, int, java.lang.Object, java.lang.Object)'> (0x000000070ff07a10) 
thrown [t:\workspace\open\src\hotspot\share\interpreter\linkResolver.cpp, line 766]
Event: 3.741 Thread 0x000002b983919710 Exception <a 'java/lang/NoSuchMethodError'{0x000000070ff17a58}: 'java.lang.Object java.lang.invoke.DirectMethodHandle$Holder.newInvokeSpecial(java.lang.Object, int, java.lang.Object)'> (0x000000070ff17a58) 
thrown [t:\workspace\open\src\hotspot\share\interpreter\linkResolver.cpp, line 766]
Event: 3.936 Thread 0x000002b983919710 Exception <a 'java/lang/IncompatibleClassChangeError'{0x0000000712088c30}: Found class java.lang.Object, but interface was expected> (0x0000000712088c30) 
thrown [t:\workspace\open\src\hotspot\share\interpreter\linkResolver.cpp, line 833]

VM Operations (20 events):
Event: 3.049 Executing VM operation: HandshakeAllThreads
Event: 3.049 Executing VM operation: HandshakeAllThreads done
Event: 3.049 Executing VM operation: Cleanup
Event: 3.050 Executing VM operation: Cleanup done
Event: 3.082 Executing VM operation: HandshakeAllThreads
Event: 3.082 Executing VM operation: HandshakeAllThreads done
Event: 3.085 Executing VM operation: HandshakeAllThreads
Event: 3.085 Executing VM operation: HandshakeAllThreads done
Event: 3.723 Executing VM operation: HandshakeAllThreads
Event: 3.723 Executing VM operation: HandshakeAllThreads done
Event: 3.862 Executing VM operation: G1CollectForAllocation
Event: 3.868 Executing VM operation: G1CollectForAllocation done
Event: 4.137 Executing VM operation: HandshakeAllThreads
Event: 4.137 Executing VM operation: HandshakeAllThreads done
Event: 4.219 Executing VM operation: HandshakeAllThreads
Event: 4.219 Executing VM operation: HandshakeAllThreads done
Event: 4.274 Executing VM operation: HandshakeAllThreads
Event: 4.274 Executing VM operation: HandshakeAllThreads done
Event: 4.291 Executing VM operation: HandshakeAllThreads
Event: 4.291 Executing VM operation: HandshakeAllThreads done

Events (20 events):
Event: 4.269 loading class sun/reflect/generics/tree/IntSignature
Event: 4.269 loading class sun/reflect/generics/tree/IntSignature done
Event: 4.269 loading class sun/reflect/generics/tree/LongSignature
Event: 4.270 loading class sun/reflect/generics/tree/LongSignature done
Event: 4.270 loading class sun/reflect/generics/tree/ShortSignature
Event: 4.270 loading class sun/reflect/generics/tree/ShortSignature done
Event: 4.270 loading class java/beans/MethodRef
Event: 4.270 loading class java/beans/MethodRef done
Event: 4.271 loading class java/beans/SimpleBeanInfo
Event: 4.271 loading class java/beans/SimpleBeanInfo done
Event: 4.272 loading class com/sun/beans/TypeResolver
Event: 4.272 loading class com/sun/beans/TypeResolver done
Event: 4.273 loading class com/sun/beans/WeakCache
Event: 4.273 loading class com/sun/beans/WeakCache done
Event: 4.274 loading class com/sun/beans/WildcardTypeImpl
Event: 4.274 loading class com/sun/beans/WildcardTypeImpl done
Event: 4.297 loading class java/net/SocketException
Event: 4.298 loading class java/net/SocketException done
Event: 4.321 loading class java/lang/StrictMath
Event: 4.321 loading class java/lang/StrictMath done


Dynamic libraries:
0x00007ff774030000 - 0x00007ff77403e000 	D:\Program Files\Java\jdk-17\bin\java.exe
0x00007ffe339d0000 - 0x00007ffe33bc8000 	C:\WINDOWS\SYSTEM32\ntdll.dll
0x00007ffe331d0000 - 0x00007ffe3328f000 	C:\WINDOWS\System32\KERNEL32.DLL
0x00007ffe31460000 - 0x00007ffe31732000 	C:\WINDOWS\System32\KERNELBASE.dll
0x00007ffe31850000 - 0x00007ffe31950000 	C:\WINDOWS\System32\ucrtbase.dll
0x00007ffe079b0000 - 0x00007ffe079ca000 	D:\Program Files\Java\jdk-17\bin\VCRUNTIME140.dll
0x00007ffe1cfc0000 - 0x00007ffe1cfd8000 	D:\Program Files\Java\jdk-17\bin\jli.dll
0x00007ffe32130000 - 0x00007ffe322d1000 	C:\WINDOWS\System32\USER32.dll
0x00007ffe31430000 - 0x00007ffe31452000 	C:\WINDOWS\System32\win32u.dll
0x00007ffe32c90000 - 0x00007ffe32cbb000 	C:\WINDOWS\System32\GDI32.dll
0x00007ffe310c0000 - 0x00007ffe311cf000 	C:\WINDOWS\System32\gdi32full.dll
0x00007ffe317b0000 - 0x00007ffe3184d000 	C:\WINDOWS\System32\msvcp_win.dll
0x00007ffe1f140000 - 0x00007ffe1f3da000 	C:\WINDOWS\WinSxS\amd64_microsoft.windows.common-controls_6595b64144ccf1df_6.0.19041.1110_none_60b5254171f9507e\COMCTL32.dll
0x00007ffe33860000 - 0x00007ffe338fe000 	C:\WINDOWS\System32\msvcrt.dll
0x00007ffe32da0000 - 0x00007ffe32dd2000 	C:\WINDOWS\System32\IMM32.DLL
0x00007ffe23270000 - 0x00007ffe233ce000 	C:\WINDOWS\system32\tmumh\20019\AddOn\8.55.0.1099\TmUmEvt64.dll
0x00007ffe32cc0000 - 0x00007ffe32cc8000 	C:\WINDOWS\System32\PSAPI.DLL
0x00007ffe32490000 - 0x00007ffe3253e000 	C:\WINDOWS\System32\ADVAPI32.dll
0x00007ffe32340000 - 0x00007ffe323dc000 	C:\WINDOWS\System32\sechost.dll
0x00007ffe33650000 - 0x00007ffe33775000 	C:\WINDOWS\System32\RPCRT4.dll
0x0000000065670000 - 0x00000000657df000 	C:\WINDOWS\system32\tmumh\20019\TmMon\2.9.0.1036\tmmon64.dll
0x00007ffe322e0000 - 0x00007ffe32335000 	C:\WINDOWS\System32\SHLWAPI.dll
0x00007ffdf9fd0000 - 0x00007ffdfa2fe000 	C:\WINDOWS\System32\TmLWE\TmUmSnsr64\1.0.0.1109\TmUmSnsr64.dll
0x00007ffe2fcf0000 - 0x00007ffe2fd02000 	C:\WINDOWS\SYSTEM32\kernel.appcore.dll
0x00007ffe1cfb0000 - 0x00007ffe1cfbc000 	D:\Program Files\Java\jdk-17\bin\vcruntime140_1.dll
0x00007ffde8190000 - 0x00007ffde821d000 	D:\Program Files\Java\jdk-17\bin\msvcp140.dll
0x00007ffdb6030000 - 0x00007ffdb6bee000 	D:\Program Files\Java\jdk-17\bin\server\jvm.dll
0x00007ffe1ae70000 - 0x00007ffe1ae79000 	C:\WINDOWS\SYSTEM32\WSOCK32.dll
0x00007ffe32d30000 - 0x00007ffe32d9b000 	C:\WINDOWS\System32\WS2_32.dll
0x00007ffe1e070000 - 0x00007ffe1e097000 	C:\WINDOWS\SYSTEM32\WINMM.dll
0x00007ffe2fd40000 - 0x00007ffe2fd4a000 	C:\WINDOWS\SYSTEM32\VERSION.dll
0x00007ffe27390000 - 0x00007ffe2739a000 	D:\Program Files\Java\jdk-17\bin\jimage.dll
0x00007ffe2ebd0000 - 0x00007ffe2edb4000 	C:\WINDOWS\SYSTEM32\DBGHELP.DLL
0x00007ffe23650000 - 0x00007ffe23685000 	C:\WINDOWS\SYSTEM32\dbgcore.DLL
0x00007ffe31980000 - 0x00007ffe31a02000 	C:\WINDOWS\System32\bcryptPrimitives.dll
0x00007ffdf72d0000 - 0x00007ffdf72f5000 	D:\Program Files\Java\jdk-17\bin\java.dll
0x00007ffddf650000 - 0x00007ffddf726000 	D:\Program Files\Java\jdk-17\bin\svml.dll
0x00007ffe32540000 - 0x00007ffe32c84000 	C:\WINDOWS\System32\SHELL32.dll
0x00007ffe2f550000 - 0x00007ffe2fce2000 	C:\WINDOWS\SYSTEM32\windows.storage.dll
0x00007ffe33290000 - 0x00007ffe335e5000 	C:\WINDOWS\System32\combase.dll
0x00007ffe30ab0000 - 0x00007ffe30ae0000 	C:\WINDOWS\SYSTEM32\Wldp.dll
0x00007ffe31e80000 - 0x00007ffe31f2d000 	C:\WINDOWS\System32\SHCORE.dll
0x00007ffe31000000 - 0x00007ffe3101f000 	C:\WINDOWS\SYSTEM32\profapi.dll
0x00007ffe1b050000 - 0x00007ffe1b069000 	D:\Program Files\Java\jdk-17\bin\net.dll
0x00007ffe30040000 - 0x00007ffe3014c000 	C:\WINDOWS\SYSTEM32\WINHTTP.dll
0x00007ffe307a0000 - 0x00007ffe3080a000 	C:\WINDOWS\system32\mswsock.dll
0x00007ffe1a290000 - 0x00007ffe1a2a5000 	D:\Program Files\Java\jdk-17\bin\nio.dll
0x00007ffe1cd50000 - 0x00007ffe1cd68000 	D:\Program Files\Java\jdk-17\bin\zip.dll
0x00007ffe1b250000 - 0x00007ffe1b259000 	D:\Program Files\Java\jdk-17\bin\management.dll
0x00007ffe1a3e0000 - 0x00007ffe1a3eb000 	D:\Program Files\Java\jdk-17\bin\management_ext.dll
0x00007ffe24a20000 - 0x00007ffe24a30000 	D:\Program Files\Java\jdk-17\bin\verify.dll
0x00007ffe30490000 - 0x00007ffe304cb000 	C:\WINDOWS\SYSTEM32\IPHLPAPI.DLL
0x00007ffe32e50000 - 0x00007ffe32e58000 	C:\WINDOWS\System32\NSI.dll
0x00007ffe272e0000 - 0x00007ffe272f7000 	C:\WINDOWS\SYSTEM32\dhcpcsvc6.DLL
0x00007ffe27330000 - 0x00007ffe2734d000 	C:\WINDOWS\SYSTEM32\dhcpcsvc.DLL
0x00007ffe304d0000 - 0x00007ffe3059a000 	C:\WINDOWS\SYSTEM32\DNSAPI.dll
0x00007ffe22e50000 - 0x00007ffe22e5a000 	C:\Windows\System32\rasadhlp.dll
0x00007ffe273c0000 - 0x00007ffe27440000 	C:\WINDOWS\System32\fwpuclnt.dll
0x00007ffe31950000 - 0x00007ffe31977000 	C:\WINDOWS\System32\bcrypt.dll

dbghelp: loaded successfully - version: 4.0.5 - missing functions: none
symbol engine: initialized successfully - sym options: 0x614 - pdb path: .;D:\Program Files\Java\jdk-17\bin;C:\WINDOWS\SYSTEM32;C:\WINDOWS\WinSxS\amd64_microsoft.windows.common-controls_6595b64144ccf1df_6.0.19041.1110_none_60b5254171f9507e;C:\WINDOWS\system32\tmumh\20019\AddOn\8.55.0.1099;C:\WINDOWS\system32\tmumh\20019\TmMon\2.9.0.1036;C:\WINDOWS\System32\TmLWE\TmUmSnsr64\1.0.0.1109;D:\Program Files\Java\jdk-17\bin\server

VM Arguments:
java_command: C:\Users\jcortada\AppData\Local\Temp\surefire6209899278482616142\surefirebooter15769796180880845742.jar C:\Users\jcortada\AppData\Local\Temp\surefire6209899278482616142 2023-01-11T00-34-25_228-jvmRun1 surefire6616108403974387100tmp surefire_013889950274924410969tmp
java_class_path (initial): C:\Users\jcortada\AppData\Local\Temp\surefire6209899278482616142\surefirebooter15769796180880845742.jar
Launcher Type: SUN_STANDARD

[Global flags]
     intx CICompilerCount                          = 4                                         {product} {ergonomic}
     uint ConcGCThreads                            = 2                                         {product} {ergonomic}
     uint G1ConcRefinementThreads                  = 8                                         {product} {ergonomic}
   size_t G1HeapRegionSize                         = 2097152                                   {product} {ergonomic}
    uintx GCDrainStackTargetSize                   = 64                                        {product} {ergonomic}
   size_t InitialHeapSize                          = 266338304                                 {product} {ergonomic}
   size_t MarkStackSize                            = 4194304                                   {product} {ergonomic}
   size_t MaxHeapSize                              = 4255121408                                {product} {ergonomic}
   size_t MaxNewSize                               = 2552233984                                {product} {ergonomic}
   size_t MinHeapDeltaBytes                        = 2097152                                   {product} {ergonomic}
   size_t MinHeapSize                              = 8388608                                   {product} {ergonomic}
    uintx NonNMethodCodeHeapSize                   = 5839372                                {pd product} {ergonomic}
    uintx NonProfiledCodeHeapSize                  = 122909434                              {pd product} {ergonomic}
    uintx ProfiledCodeHeapSize                     = 122909434                              {pd product} {ergonomic}
    uintx ReservedCodeCacheSize                    = 251658240                              {pd product} {ergonomic}
     bool SegmentedCodeCache                       = true                                      {product} {ergonomic}
   size_t SoftMaxHeapSize                          = 4255121408                             {manageable} {ergonomic}
     bool UseCompressedClassPointers               = true                           {product lp64_product} {ergonomic}
     bool UseCompressedOops                        = true                           {product lp64_product} {ergonomic}
     bool UseG1GC                                  = true                                      {product} {ergonomic}
     bool UseLargePagesIndividualAllocation        = false                                  {pd product} {ergonomic}

Logging:
Log output configuration:
 #0: stdout all=warning uptime,level,tags
 #1: stderr all=off uptime,level,tags

Environment Variables:
JAVA_HOME=D:\Program Files\Java\jdk-17
PATH=D:/Program Files/Java/jdk-17/bin/server;D:/Program Files/Java/jdk-17/bin;C:\Program Files\Microsoft MPI\Bin\;C:\Program Files (x86)\Intel\Intel(R) Management Engine Components\iCLS\;C:\Program Files\Intel\Intel(R) Management Engine Components\iCLS\;C:\WINDOWS\system32;C:\WINDOWS;C:\WINDOWS\System32\Wbem;C:\WINDOWS\System32\WindowsPowerShell\v1.0\;C:\WINDOWS\System32\OpenSSH\;C:\Program Files\Intel\WiFi\bin\;C:\Program Files\Common Files\Intel\WirelessCommon\;C:\Program Files (x86)\Intel\Intel(R) Management Engine Components\DAL;C:\Program Files\Intel\Intel(R) Management Engine Components\DAL;C:\Program Files (x86)\Intel\Intel(R) Management Engine Components\IPT;C:\Program Files\Intel\Intel(R) Management Engine Components\IPT;C:\Program Files (x86)\Microsoft ASP.NET\ASP.NET Web Pages\v1.0\;C:\Program Files (x86)\Microsoft SQL Server\140\Tools\Binn\;C:\Program Files\Microsoft SQL Server\140\Tools\Binn\;C:\Program Files (x86)\Microsoft SQL Server\140\DTS\Binn\;C:\Program Files\Microsoft SQL Server\140\DTS\Binn\;C:\Program Files\Microsoft SQL Server\Client SDK\ODBC\130\Tools\Binn\;C:\Program Files\Microsoft\Web Platform Installer\;C:\Program Files (x86)\Sennheiser\SoftphoneSDK\;D:\Program Files\nodejs\;C:\Program Files (x86)\Microsoft Team Foundation Server 2012 Power Tools\;C:\Program Files (x86)\Microsoft Team Foundation Server 2012 Power Tools\Best Practices Analyzer\;D:\Program Files\Microsoft VS Code\bin;C:\Program Files (x86)\Microsoft Visual Studio\2017\Professional\Common7\IDE\CommonExtensions\Microsoft\TeamFoundation\Team Explorer\;C:\Program Files\Git\cmd;C:\Program Files (x86)\Microsoft SQL Server\150\DTS\Binn\;D:\Program Files\PuTTY\;D:\Program Files\Microsoft Network Monitor 3\;C:\Program Files\Microsoft SQL Server\Client SDK\ODBC\170\Tools\Binn\;C:\Program Files\Microsoft SQL Server\150\Tools\Binn\;C:\Program Files\Microsoft SQL Server\130\Tools\Binn\;C:\Program Files\Azure Data Studio\bin;C:\Program Files\dotnet\;C:\Users\jcortada\AppData\Local\Microsof
USERNAME=jcortada
OS=Windows_NT
PROCESSOR_IDENTIFIER=Intel64 Family 6 Model 142 Stepping 10, GenuineIntel



---------------  S Y S T E M  ---------------

OS:
 Windows 10 , 64 bit Build 19041 (10.0.19041.2364)
OS uptime: 15 days 4:46 hours

CPU: total 8 (initial active 8) (4 cores per cpu, 2 threads per core) family 6 model 142 stepping 10 microcode 0xf0, cx8, cmov, fxsr, ht, mmx, 3dnowpref, sse, sse2, sse3, ssse3, sse4.1, sse4.2, popcnt, lzcnt, tsc, tscinvbit, avx, avx2, aes, erms, clmul, bmi1, bmi2, rtm, adx, fma, vzeroupper, clflush, clflushopt

Memory: 4k page, system-wide physical 16227M (1644M free)
TotalPageFile size 31161M (AvailPageFile size 4M)
current process WorkingSet (physical memory assigned to process): 168M, peak: 168M
current process commit charge ("private bytes"): 420M, peak: 420M

vm_info: OpenJDK 64-Bit Server VM (17+35-2724) for windows-amd64 JRE (17+35-2724), built on Aug  5 2021 23:26:02 by "mach5one" with MS VC++ 16.8 (VS2019)

END.
